[debug] [2025-12-09T15:41:45.520Z] ----------------------------------------------------------------------
[debug] [2025-12-09T15:41:45.532Z] Command:       C:\Program Files\nodejs\node.exe C:\Users\fortu\AppData\Roaming\npm\node_modules\firebase-tools\lib\bin\firebase.js emulators:start --only auth
[debug] [2025-12-09T15:41:45.533Z] CLI Version:   14.27.0
[debug] [2025-12-09T15:41:45.533Z] Platform:      win32
[debug] [2025-12-09T15:41:45.533Z] Node Version:  v22.15.0
[debug] [2025-12-09T15:41:45.533Z] Time:          Tue Dec 09 2025 10:41:45 GMT-0500 (Eastern Standard Time)
[debug] [2025-12-09T15:41:45.534Z] ----------------------------------------------------------------------
[debug] 
[debug] [2025-12-09T15:41:45.630Z] > command requires scopes: ["email","openid","https://www.googleapis.com/auth/cloudplatformprojects.readonly","https://www.googleapis.com/auth/firebase","https://www.googleapis.com/auth/cloud-platform"]
[debug] [2025-12-09T15:41:45.631Z] > authorizing via signed-in user (fortuneayodada@gmail.com)
[warn] !  Could not find config (firebase.json) so using defaults. 
[info] i  emulators: Starting emulators: auth {"metadata":{"emulator":{"name":"hub"},"message":"Starting emulators: auth"}}
[info] i  emulators: Detected demo project ID "demo-no-project", emulated services will use a demo configuration and attempts to access non-emulated services for this project will fail. {"metadata":{"emulator":{"name":"hub"},"message":"Detected demo project ID \"demo-no-project\", emulated services will use a demo configuration and attempts to access non-emulated services for this project will fail."}}
[debug] [2025-12-09T15:41:45.652Z] [logging] Logging Emulator only supports listening on one address (127.0.0.1). Not listening on ::1
[debug] [2025-12-09T15:41:45.652Z] [auth] Authentication Emulator only supports listening on one address (127.0.0.1). Not listening on ::1
[debug] [2025-12-09T15:41:45.652Z] assigned listening specs for emulators {"user":{"hub":[{"address":"127.0.0.1","family":"IPv4","port":4400},{"address":"::1","family":"IPv6","port":4400}],"ui":[{"address":"127.0.0.1","family":"IPv4","port":4000},{"address":"::1","family":"IPv6","port":4000}],"logging":[{"address":"127.0.0.1","family":"IPv4","port":4500}],"auth":[{"address":"127.0.0.1","family":"IPv4","port":9099}]},"metadata":{"message":"assigned listening specs for emulators"}}
[debug] [2025-12-09T15:41:45.661Z] Emulator locator file path: C:\Users\fortu\AppData\Local\Temp\hub-demo-no-project.json
[debug] [2025-12-09T15:41:45.662Z] [hub] writing locator at C:\Users\fortu\AppData\Local\Temp\hub-demo-no-project.json
[info] i  ui: downloading ui-v1.15.0.zip... {"metadata":{"emulator":{"name":"ui"},"message":"downloading ui-v1.15.0.zip..."}}
[debug] [2025-12-09T15:41:53.992Z] >>> [apiv2][query] GET https://storage.googleapis.com/firebase-preview-drop/emulator/ui-v1.15.0.zip 
[debug] [2025-12-09T15:41:54.057Z] <<< [apiv2][status] GET https://storage.googleapis.com/firebase-preview-drop/emulator/ui-v1.15.0.zip 200
[debug] [2025-12-09T15:41:54.058Z] <<< [apiv2][body] GET https://storage.googleapis.com/firebase-preview-drop/emulator/ui-v1.15.0.zip [stream]
[debug] [2025-12-09T15:41:54.539Z] Data is 3538469
[debug] [2025-12-09T15:41:54.540Z] [unzip] Entry: client/ (compressed_size=0 bytes, uncompressed_size=0 bytes)
[debug] [2025-12-09T15:41:54.540Z] [unzip] Processing entry: client\
[debug] [2025-12-09T15:41:54.540Z] [unzip] mkdir: C:\Users\fortu\.cache\firebase\emulators\ui-v1.15.0\client\
[debug] [2025-12-09T15:41:54.542Z] [unzip] Entry: client/favicon-16x16.png (compressed_size=293 bytes, uncompressed_size=293 bytes)
[debug] [2025-12-09T15:41:54.542Z] [unzip] Processing entry: client\favicon-16x16.png
[debug] [2025-12-09T15:41:54.542Z] [unzip] else mkdir: C:\Users\fortu\.cache\firebase\emulators\ui-v1.15.0\client
[debug] [2025-12-09T15:41:54.542Z] [unzip] Writing file: C:\Users\fortu\.cache\firebase\emulators\ui-v1.15.0\client\favicon-16x16.png
[debug] [2025-12-09T15:41:54.544Z] [unzip] Entry: client/safari-pinned-tab.svg (compressed_size=1433 bytes, uncompressed_size=2611 bytes)
[debug] [2025-12-09T15:41:54.544Z] [unzip] Processing entry: client\safari-pinned-tab.svg
[debug] [2025-12-09T15:41:54.544Z] [unzip] else mkdir: C:\Users\fortu\.cache\firebase\emulators\ui-v1.15.0\client
[debug] [2025-12-09T15:41:54.545Z] [unzip] deflating: C:\Users\fortu\.cache\firebase\emulators\ui-v1.15.0\client\safari-pinned-tab.svg
[debug] [2025-12-09T15:41:54.552Z] [unzip] Entry: client/favicon.ico (compressed_size=2933 bytes, uncompressed_size=13294 bytes)
[debug] [2025-12-09T15:41:54.552Z] [unzip] Processing entry: client\favicon.ico
[debug] [2025-12-09T15:41:54.552Z] [unzip] else mkdir: C:\Users\fortu\.cache\firebase\emulators\ui-v1.15.0\client
[debug] [2025-12-09T15:41:54.553Z] [unzip] deflating: C:\Users\fortu\.cache\firebase\emulators\ui-v1.15.0\client\favicon.ico
[debug] [2025-12-09T15:41:54.555Z] [unzip] Entry: client/index.html (compressed_size=1364 bytes, uncompressed_size=3071 bytes)
[debug] [2025-12-09T15:41:54.555Z] [unzip] Processing entry: client\index.html
[debug] [2025-12-09T15:41:54.555Z] [unzip] else mkdir: C:\Users\fortu\.cache\firebase\emulators\ui-v1.15.0\client
[debug] [2025-12-09T15:41:54.556Z] [unzip] deflating: C:\Users\fortu\.cache\firebase\emulators\ui-v1.15.0\client\index.html
[debug] [2025-12-09T15:41:54.558Z] [unzip] Entry: client/android-chrome-192x192.png (compressed_size=2684 bytes, uncompressed_size=2684 bytes)
[debug] [2025-12-09T15:41:54.558Z] [unzip] Processing entry: client\android-chrome-192x192.png
[debug] [2025-12-09T15:41:54.558Z] [unzip] else mkdir: C:\Users\fortu\.cache\firebase\emulators\ui-v1.15.0\client
[debug] [2025-12-09T15:41:54.558Z] [unzip] Writing file: C:\Users\fortu\.cache\firebase\emulators\ui-v1.15.0\client\android-chrome-192x192.png
[debug] [2025-12-09T15:41:54.560Z] [unzip] Entry: client/apple-touch-icon.png (compressed_size=2123 bytes, uncompressed_size=2152 bytes)
[debug] [2025-12-09T15:41:54.560Z] [unzip] Processing entry: client\apple-touch-icon.png
[debug] [2025-12-09T15:41:54.560Z] [unzip] else mkdir: C:\Users\fortu\.cache\firebase\emulators\ui-v1.15.0\client
[debug] [2025-12-09T15:41:54.560Z] [unzip] deflating: C:\Users\fortu\.cache\firebase\emulators\ui-v1.15.0\client\apple-touch-icon.png
[debug] [2025-12-09T15:41:54.562Z] [unzip] Entry: client/android-chrome-512x512.png (compressed_size=5369 bytes, uncompressed_size=5411 bytes)
[debug] [2025-12-09T15:41:54.562Z] [unzip] Processing entry: client\android-chrome-512x512.png
[debug] [2025-12-09T15:41:54.562Z] [unzip] else mkdir: C:\Users\fortu\.cache\firebase\emulators\ui-v1.15.0\client
[debug] [2025-12-09T15:41:54.563Z] [unzip] deflating: C:\Users\fortu\.cache\firebase\emulators\ui-v1.15.0\client\android-chrome-512x512.png
[debug] [2025-12-09T15:41:54.565Z] [unzip] Entry: client/manifest.json (compressed_size=245 bytes, uncompressed_size=551 bytes)
[debug] [2025-12-09T15:41:54.565Z] [unzip] Processing entry: client\manifest.json
[debug] [2025-12-09T15:41:54.565Z] [unzip] else mkdir: C:\Users\fortu\.cache\firebase\emulators\ui-v1.15.0\client
[debug] [2025-12-09T15:41:54.566Z] [unzip] deflating: C:\Users\fortu\.cache\firebase\emulators\ui-v1.15.0\client\manifest.json
[debug] [2025-12-09T15:41:54.568Z] [unzip] Entry: client/robots.txt (compressed_size=26 bytes, uncompressed_size=26 bytes)
[debug] [2025-12-09T15:41:54.568Z] [unzip] Processing entry: client\robots.txt
[debug] [2025-12-09T15:41:54.568Z] [unzip] else mkdir: C:\Users\fortu\.cache\firebase\emulators\ui-v1.15.0\client
[debug] [2025-12-09T15:41:54.569Z] [unzip] Writing file: C:\Users\fortu\.cache\firebase\emulators\ui-v1.15.0\client\robots.txt
[debug] [2025-12-09T15:41:54.570Z] [unzip] Entry: client/mstile-150x150.png (compressed_size=2034 bytes, uncompressed_size=2034 bytes)
[debug] [2025-12-09T15:41:54.570Z] [unzip] Processing entry: client\mstile-150x150.png
[debug] [2025-12-09T15:41:54.570Z] [unzip] else mkdir: C:\Users\fortu\.cache\firebase\emulators\ui-v1.15.0\client
[debug] [2025-12-09T15:41:54.570Z] [unzip] Writing file: C:\Users\fortu\.cache\firebase\emulators\ui-v1.15.0\client\mstile-150x150.png
[debug] [2025-12-09T15:41:54.571Z] [unzip] Entry: client/assets/ (compressed_size=0 bytes, uncompressed_size=0 bytes)
[debug] [2025-12-09T15:41:54.571Z] [unzip] Processing entry: client\assets\
[debug] [2025-12-09T15:41:54.571Z] [unzip] mkdir: C:\Users\fortu\.cache\firebase\emulators\ui-v1.15.0\client\assets\
[debug] [2025-12-09T15:41:54.572Z] [unzip] Entry: client/assets/index-BX-A56oj.js (compressed_size=582089 bytes, uncompressed_size=2092775 bytes)
[debug] [2025-12-09T15:41:54.572Z] [unzip] Processing entry: client\assets\index-BX-A56oj.js
[debug] [2025-12-09T15:41:54.572Z] [unzip] else mkdir: C:\Users\fortu\.cache\firebase\emulators\ui-v1.15.0\client\assets
[debug] [2025-12-09T15:41:54.572Z] [unzip] deflating: C:\Users\fortu\.cache\firebase\emulators\ui-v1.15.0\client\assets\index-BX-A56oj.js
[debug] [2025-12-09T15:41:54.593Z] [unzip] Entry: client/assets/index-CjB9C900.css (compressed_size=35979 bytes, uncompressed_size=298654 bytes)
[debug] [2025-12-09T15:41:54.593Z] [unzip] Processing entry: client\assets\index-CjB9C900.css
[debug] [2025-12-09T15:41:54.593Z] [unzip] else mkdir: C:\Users\fortu\.cache\firebase\emulators\ui-v1.15.0\client\assets
[debug] [2025-12-09T15:41:54.594Z] [unzip] deflating: C:\Users\fortu\.cache\firebase\emulators\ui-v1.15.0\client\assets\index-CjB9C900.css
[debug] [2025-12-09T15:41:54.599Z] [unzip] Entry: client/assets/index-BX-A56oj.js.map (compressed_size=2362482 bytes, uncompressed_size=10036679 bytes)
[debug] [2025-12-09T15:41:54.599Z] [unzip] Processing entry: client\assets\index-BX-A56oj.js.map
[debug] [2025-12-09T15:41:54.599Z] [unzip] else mkdir: C:\Users\fortu\.cache\firebase\emulators\ui-v1.15.0\client\assets
[debug] [2025-12-09T15:41:54.599Z] [unzip] deflating: C:\Users\fortu\.cache\firebase\emulators\ui-v1.15.0\client\assets\index-BX-A56oj.js.map
[debug] [2025-12-09T15:41:54.673Z] [unzip] Entry: client/assets/extensions/ (compressed_size=0 bytes, uncompressed_size=0 bytes)
[debug] [2025-12-09T15:41:54.673Z] [unzip] Processing entry: client\assets\extensions\
[debug] [2025-12-09T15:41:54.673Z] [unzip] mkdir: C:\Users\fortu\.cache\firebase\emulators\ui-v1.15.0\client\assets\extensions\
[debug] [2025-12-09T15:41:54.674Z] [unzip] Entry: client/assets/extensions/default-extension.png (compressed_size=1646 bytes, uncompressed_size=1657 bytes)
[debug] [2025-12-09T15:41:54.674Z] [unzip] Processing entry: client\assets\extensions\default-extension.png
[debug] [2025-12-09T15:41:54.674Z] [unzip] else mkdir: C:\Users\fortu\.cache\firebase\emulators\ui-v1.15.0\client\assets\extensions
[debug] [2025-12-09T15:41:54.674Z] [unzip] deflating: C:\Users\fortu\.cache\firebase\emulators\ui-v1.15.0\client\assets\extensions\default-extension.png
[debug] [2025-12-09T15:41:54.676Z] [unzip] Entry: client/assets/img/ (compressed_size=0 bytes, uncompressed_size=0 bytes)
[debug] [2025-12-09T15:41:54.676Z] [unzip] Processing entry: client\assets\img\
[debug] [2025-12-09T15:41:54.676Z] [unzip] mkdir: C:\Users\fortu\.cache\firebase\emulators\ui-v1.15.0\client\assets\img\
[debug] [2025-12-09T15:41:54.677Z] [unzip] Entry: client/assets/img/database.png (compressed_size=29449 bytes, uncompressed_size=29988 bytes)
[debug] [2025-12-09T15:41:54.677Z] [unzip] Processing entry: client\assets\img\database.png
[debug] [2025-12-09T15:41:54.677Z] [unzip] else mkdir: C:\Users\fortu\.cache\firebase\emulators\ui-v1.15.0\client\assets\img
[debug] [2025-12-09T15:41:54.678Z] [unzip] deflating: C:\Users\fortu\.cache\firebase\emulators\ui-v1.15.0\client\assets\img\database.png
[debug] [2025-12-09T15:41:54.679Z] [unzip] Entry: client/assets/provider-icons/ (compressed_size=0 bytes, uncompressed_size=0 bytes)
[debug] [2025-12-09T15:41:54.679Z] [unzip] Processing entry: client\assets\provider-icons\
[debug] [2025-12-09T15:41:54.679Z] [unzip] mkdir: C:\Users\fortu\.cache\firebase\emulators\ui-v1.15.0\client\assets\provider-icons\
[debug] [2025-12-09T15:41:54.680Z] [unzip] Entry: client/assets/provider-icons/auth_service_saml.svg (compressed_size=575 bytes, uncompressed_size=1226 bytes)
[debug] [2025-12-09T15:41:54.680Z] [unzip] Processing entry: client\assets\provider-icons\auth_service_saml.svg
[debug] [2025-12-09T15:41:54.680Z] [unzip] else mkdir: C:\Users\fortu\.cache\firebase\emulators\ui-v1.15.0\client\assets\provider-icons
[debug] [2025-12-09T15:41:54.680Z] [unzip] deflating: C:\Users\fortu\.cache\firebase\emulators\ui-v1.15.0\client\assets\provider-icons\auth_service_saml.svg
[debug] [2025-12-09T15:41:54.681Z] [unzip] Entry: client/assets/provider-icons/auth_service_phone.svg (compressed_size=261 bytes, uncompressed_size=414 bytes)
[debug] [2025-12-09T15:41:54.682Z] [unzip] Processing entry: client\assets\provider-icons\auth_service_phone.svg
[debug] [2025-12-09T15:41:54.682Z] [unzip] else mkdir: C:\Users\fortu\.cache\firebase\emulators\ui-v1.15.0\client\assets\provider-icons
[debug] [2025-12-09T15:41:54.682Z] [unzip] deflating: C:\Users\fortu\.cache\firebase\emulators\ui-v1.15.0\client\assets\provider-icons\auth_service_phone.svg
[debug] [2025-12-09T15:41:54.683Z] [unzip] Entry: client/assets/provider-icons/auth_service_facebook.svg (compressed_size=289 bytes, uncompressed_size=457 bytes)
[debug] [2025-12-09T15:41:54.683Z] [unzip] Processing entry: client\assets\provider-icons\auth_service_facebook.svg
[debug] [2025-12-09T15:41:54.683Z] [unzip] else mkdir: C:\Users\fortu\.cache\firebase\emulators\ui-v1.15.0\client\assets\provider-icons
[debug] [2025-12-09T15:41:54.684Z] [unzip] deflating: C:\Users\fortu\.cache\firebase\emulators\ui-v1.15.0\client\assets\provider-icons\auth_service_facebook.svg
[debug] [2025-12-09T15:41:54.688Z] [unzip] Entry: client/assets/provider-icons/auth_service_game_center.svg (compressed_size=991 bytes, uncompressed_size=3921 bytes)
[debug] [2025-12-09T15:41:54.689Z] [unzip] Processing entry: client\assets\provider-icons\auth_service_game_center.svg
[debug] [2025-12-09T15:41:54.689Z] [unzip] else mkdir: C:\Users\fortu\.cache\firebase\emulators\ui-v1.15.0\client\assets\provider-icons
[debug] [2025-12-09T15:41:54.689Z] [unzip] deflating: C:\Users\fortu\.cache\firebase\emulators\ui-v1.15.0\client\assets\provider-icons\auth_service_game_center.svg
[debug] [2025-12-09T15:41:54.690Z] [unzip] Entry: client/assets/provider-icons/auth_service_apple.svg (compressed_size=230 bytes, uncompressed_size=334 bytes)
[debug] [2025-12-09T15:41:54.690Z] [unzip] Processing entry: client\assets\provider-icons\auth_service_apple.svg
[debug] [2025-12-09T15:41:54.690Z] [unzip] else mkdir: C:\Users\fortu\.cache\firebase\emulators\ui-v1.15.0\client\assets\provider-icons
[debug] [2025-12-09T15:41:54.691Z] [unzip] deflating: C:\Users\fortu\.cache\firebase\emulators\ui-v1.15.0\client\assets\provider-icons\auth_service_apple.svg
[debug] [2025-12-09T15:41:54.692Z] [unzip] Entry: client/assets/provider-icons/auth_service_github.svg (compressed_size=466 bytes, uncompressed_size=838 bytes)
[debug] [2025-12-09T15:41:54.692Z] [unzip] Processing entry: client\assets\provider-icons\auth_service_github.svg
[debug] [2025-12-09T15:41:54.692Z] [unzip] else mkdir: C:\Users\fortu\.cache\firebase\emulators\ui-v1.15.0\client\assets\provider-icons
[debug] [2025-12-09T15:41:54.692Z] [unzip] deflating: C:\Users\fortu\.cache\firebase\emulators\ui-v1.15.0\client\assets\provider-icons\auth_service_github.svg
[debug] [2025-12-09T15:41:54.694Z] [unzip] Entry: client/assets/provider-icons/auth_service_mslive.svg (compressed_size=203 bytes, uncompressed_size=378 bytes)
[debug] [2025-12-09T15:41:54.694Z] [unzip] Processing entry: client\assets\provider-icons\auth_service_mslive.svg
[debug] [2025-12-09T15:41:54.694Z] [unzip] else mkdir: C:\Users\fortu\.cache\firebase\emulators\ui-v1.15.0\client\assets\provider-icons
[debug] [2025-12-09T15:41:54.694Z] [unzip] deflating: C:\Users\fortu\.cache\firebase\emulators\ui-v1.15.0\client\assets\provider-icons\auth_service_mslive.svg
[debug] [2025-12-09T15:41:54.695Z] [unzip] Entry: client/assets/provider-icons/auth_service_yahoo.svg (compressed_size=577 bytes, uncompressed_size=1182 bytes)
[debug] [2025-12-09T15:41:54.695Z] [unzip] Processing entry: client\assets\provider-icons\auth_service_yahoo.svg
[debug] [2025-12-09T15:41:54.695Z] [unzip] else mkdir: C:\Users\fortu\.cache\firebase\emulators\ui-v1.15.0\client\assets\provider-icons
[debug] [2025-12-09T15:41:54.696Z] [unzip] deflating: C:\Users\fortu\.cache\firebase\emulators\ui-v1.15.0\client\assets\provider-icons\auth_service_yahoo.svg
[debug] [2025-12-09T15:41:54.697Z] [unzip] Entry: client/assets/provider-icons/auth_service_twitter.svg (compressed_size=444 bytes, uncompressed_size=751 bytes)
[debug] [2025-12-09T15:41:54.697Z] [unzip] Processing entry: client\assets\provider-icons\auth_service_twitter.svg
[debug] [2025-12-09T15:41:54.697Z] [unzip] else mkdir: C:\Users\fortu\.cache\firebase\emulators\ui-v1.15.0\client\assets\provider-icons
[debug] [2025-12-09T15:41:54.697Z] [unzip] deflating: C:\Users\fortu\.cache\firebase\emulators\ui-v1.15.0\client\assets\provider-icons\auth_service_twitter.svg
[debug] [2025-12-09T15:41:54.698Z] [unzip] Entry: client/assets/provider-icons/auth_service_play_games.svg (compressed_size=565 bytes, uncompressed_size=1173 bytes)
[debug] [2025-12-09T15:41:54.699Z] [unzip] Processing entry: client\assets\provider-icons\auth_service_play_games.svg
[debug] [2025-12-09T15:41:54.699Z] [unzip] else mkdir: C:\Users\fortu\.cache\firebase\emulators\ui-v1.15.0\client\assets\provider-icons
[debug] [2025-12-09T15:41:54.699Z] [unzip] deflating: C:\Users\fortu\.cache\firebase\emulators\ui-v1.15.0\client\assets\provider-icons\auth_service_play_games.svg
[debug] [2025-12-09T15:41:54.700Z] [unzip] Entry: client/assets/provider-icons/auth_service_email.svg (compressed_size=228 bytes, uncompressed_size=326 bytes)
[debug] [2025-12-09T15:41:54.700Z] [unzip] Processing entry: client\assets\provider-icons\auth_service_email.svg
[debug] [2025-12-09T15:41:54.700Z] [unzip] else mkdir: C:\Users\fortu\.cache\firebase\emulators\ui-v1.15.0\client\assets\provider-icons
[debug] [2025-12-09T15:41:54.701Z] [unzip] deflating: C:\Users\fortu\.cache\firebase\emulators\ui-v1.15.0\client\assets\provider-icons\auth_service_email.svg
[debug] [2025-12-09T15:41:54.702Z] [unzip] Entry: client/assets/provider-icons/auth_service_google.svg (compressed_size=409 bytes, uncompressed_size=720 bytes)
[debug] [2025-12-09T15:41:54.702Z] [unzip] Processing entry: client\assets\provider-icons\auth_service_google.svg
[debug] [2025-12-09T15:41:54.702Z] [unzip] else mkdir: C:\Users\fortu\.cache\firebase\emulators\ui-v1.15.0\client\assets\provider-icons
[debug] [2025-12-09T15:41:54.702Z] [unzip] deflating: C:\Users\fortu\.cache\firebase\emulators\ui-v1.15.0\client\assets\provider-icons\auth_service_google.svg
[debug] [2025-12-09T15:41:54.703Z] [unzip] Entry: client/assets/provider-icons/auth_service_oidc.svg (compressed_size=414 bytes, uncompressed_size=858 bytes)
[debug] [2025-12-09T15:41:54.703Z] [unzip] Processing entry: client\assets\provider-icons\auth_service_oidc.svg
[debug] [2025-12-09T15:41:54.704Z] [unzip] else mkdir: C:\Users\fortu\.cache\firebase\emulators\ui-v1.15.0\client\assets\provider-icons
[debug] [2025-12-09T15:41:54.704Z] [unzip] deflating: C:\Users\fortu\.cache\firebase\emulators\ui-v1.15.0\client\assets\provider-icons\auth_service_oidc.svg
[debug] [2025-12-09T15:41:54.705Z] [unzip] Entry: client/browserconfig.xml (compressed_size=491 bytes, uncompressed_size=822 bytes)
[debug] [2025-12-09T15:41:54.705Z] [unzip] Processing entry: client\browserconfig.xml
[debug] [2025-12-09T15:41:54.705Z] [unzip] else mkdir: C:\Users\fortu\.cache\firebase\emulators\ui-v1.15.0\client
[debug] [2025-12-09T15:41:54.706Z] [unzip] deflating: C:\Users\fortu\.cache\firebase\emulators\ui-v1.15.0\client\browserconfig.xml
[debug] [2025-12-09T15:41:54.707Z] [unzip] Entry: client/favicon-32x32.png (compressed_size=475 bytes, uncompressed_size=475 bytes)
[debug] [2025-12-09T15:41:54.707Z] [unzip] Processing entry: client\favicon-32x32.png
[debug] [2025-12-09T15:41:54.707Z] [unzip] else mkdir: C:\Users\fortu\.cache\firebase\emulators\ui-v1.15.0\client
[debug] [2025-12-09T15:41:54.708Z] [unzip] Writing file: C:\Users\fortu\.cache\firebase\emulators\ui-v1.15.0\client\favicon-32x32.png
[debug] [2025-12-09T15:41:54.708Z] [unzip] Entry: server/ (compressed_size=0 bytes, uncompressed_size=0 bytes)
[debug] [2025-12-09T15:41:54.709Z] [unzip] Processing entry: server\
[debug] [2025-12-09T15:41:54.709Z] [unzip] mkdir: C:\Users\fortu\.cache\firebase\emulators\ui-v1.15.0\server\
[debug] [2025-12-09T15:41:54.709Z] [unzip] Entry: server/server.mjs.map (compressed_size=217845 bytes, uncompressed_size=944978 bytes)
[debug] [2025-12-09T15:41:54.709Z] [unzip] Processing entry: server\server.mjs.map
[debug] [2025-12-09T15:41:54.709Z] [unzip] else mkdir: C:\Users\fortu\.cache\firebase\emulators\ui-v1.15.0\server
[debug] [2025-12-09T15:41:54.710Z] [unzip] deflating: C:\Users\fortu\.cache\firebase\emulators\ui-v1.15.0\server\server.mjs.map
[debug] [2025-12-09T15:41:54.719Z] [unzip] Entry: server/server.mjs (compressed_size=276407 bytes, uncompressed_size=933701 bytes)
[debug] [2025-12-09T15:41:54.719Z] [unzip] Processing entry: server\server.mjs
[debug] [2025-12-09T15:41:54.719Z] [unzip] else mkdir: C:\Users\fortu\.cache\firebase\emulators\ui-v1.15.0\server
[debug] [2025-12-09T15:41:54.719Z] [unzip] deflating: C:\Users\fortu\.cache\firebase\emulators\ui-v1.15.0\server\server.mjs
[debug] [2025-12-09T15:41:54.738Z] Could not find VSCode notification endpoint: FetchError: request to http://localhost:40001/vscode/notify failed, reason: . If you are not running the Firebase Data Connect VSCode extension, this is expected and not an issue.
[info] 
┌─────────────────────────────────────────────────────────────┐
│ ✔  All emulators ready! It is now safe to connect your app. │
│ i  View Emulator UI at http://127.0.0.1:4000/               │
└─────────────────────────────────────────────────────────────┘

┌────────────────┬────────────────┬────────────────────────────┐
│ Emulator       │ Host:Port      │ View in Emulator UI        │
├────────────────┼────────────────┼────────────────────────────┤
│ Authentication │ 127.0.0.1:9099 │ http://127.0.0.1:4000/auth │
└────────────────┴────────────────┴────────────────────────────┘
  Emulator Hub host: 127.0.0.1 port: 4400
  Other reserved ports: 4500

Issues? Report them at https://github.com/firebase/firebase-tools/issues and attach the *-debug.log files.
 
